src_ip: 10.10.7.2, dst_ip: 10.10.4.2, src_port: 33260, dst_port: 30008, protocol: 6
sw: 2, seq: 8, int version: 1, ins_map: 0xff, hops: 2
{'egress_port_tx_util': 0,
 'egress_timestamp': 1710969844692607000,
 'hop_latency': 902854271,
 'ingress_timestamp': 0,
 'l1_egress_port_id': 1,
 'l1_ingress_port_id': 0,
 'l2_egress_port_id': 0,
 'l2_ingress_port_id': 0,
 'queue_occupancy': 0,
 'queue_occupancy_id': 0,
 'switch_id': 2}
{'egress_port_tx_util': 0,
 'egress_timestamp': 1710969844692204000,
 'hop_latency': 160,
 'ingress_timestamp': 1710969844692044000,
 'l1_egress_port_id': 1,
 'l1_ingress_port_id': 2,
 'l2_egress_port_id': 0,
 'l2_ingress_port_id': 0,
 'queue_occupancy': 0,
 'queue_occupancy_id': 0,
 'switch_id': 3}

src_ip: 192.168.0.3, dst_ip: 10.244.1.2, src_port: 48022, dst_port: 8959, protocol: 6
sw: 0, seq: 5, int version: 1, ins_map: 0xff, hops: 3
{'egress_port_tx_util': 0,
 'egress_timestamp': 1710969844693529000,
 'hop_latency': 902855193,
 'ingress_timestamp': 0,
 'l1_egress_port_id': 1,
 'l1_ingress_port_id': 0,
 'l2_egress_port_id': 0,
 'l2_ingress_port_id': 0,
 'queue_occupancy': 0,
 'queue_occupancy_id': 0,
 'switch_id': 0}
{'egress_port_tx_util': 0,
 'egress_timestamp': 1710969844693162000,
 'hop_latency': 195,
 'ingress_timestamp': 1710969844692967000,
 'l1_egress_port_id': 1,
 'l1_ingress_port_id': 2,
 'l2_egress_port_id': 0,
 'l2_ingress_port_id': 0,
 'queue_occupancy': 0,
 'queue_occupancy_id': 0,
 'switch_id': 1}
{'egress_port_tx_util': 0,
 'egress_timestamp': 1710969844692871000,
 'hop_latency': 108,
 'ingress_timestamp': 1710969844692763000,
 'l1_egress_port_id': 1,
 'l1_ingress_port_id': 2,
 'l2_egress_port_id': 0,
 'l2_ingress_port_id': 0,
 'queue_occupancy': 0,
 'queue_occupancy_id': 0,
 'switch_id': 2}

src_ip: 10.244.1.2, dst_ip: 192.168.0.3, src_port: 8959, dst_port: 48022, protocol: 6
sw: 2, seq: 9, int version: 1, ins_map: 0xff, hops: 3
{'egress_port_tx_util': 0,
 'egress_timestamp': 1710969844694537000,
 'hop_latency': 902856201,
 'ingress_timestamp': 0,
 'l1_egress_port_id': 1,
 'l1_ingress_port_id': 0,
 'l2_egress_port_id': 0,
 'l2_ingress_port_id': 0,
 'queue_occupancy': 0,
 'queue_occupancy_id': 0,
 'switch_id': 2}
{'egress_port_tx_util': 0,
 'egress_timestamp': 1710969844694202000,
 'hop_latency': 111,
 'ingress_timestamp': 1710969844694091000,
 'l1_egress_port_id': 2,
 'l1_ingress_port_id': 1,
 'l2_egress_port_id': 0,
 'l2_ingress_port_id': 0,
 'queue_occupancy': 0,
 'queue_occupancy_id': 0,
 'switch_id': 1}
{'egress_port_tx_util': 0,
 'egress_timestamp': 1710969844693974000,
 'hop_latency': 121,
 'ingress_timestamp': 1710969844693853000,
 'l1_egress_port_id': 1,
 'l1_ingress_port_id': 2,
 'l2_egress_port_id': 0,
 'l2_ingress_port_id': 0,
 'queue_occupancy': 0,
 'queue_occupancy_id': 0,
 'switch_id': 0}

src_ip: 10.10.4.2, dst_ip: 10.10.7.2, src_port: 30008, dst_port: 33260, protocol: 6
sw: 3, seq: 3, int version: 1, ins_map: 0xff, hops: 2
{'egress_port_tx_util': 0,
 'egress_timestamp': 1710969844695154000,
 'hop_latency': 902856818,
 'ingress_timestamp': 0,
 'l1_egress_port_id': 1,
 'l1_ingress_port_id': 0,
 'l2_egress_port_id': 0,
 'l2_ingress_port_id': 0,
 'queue_occupancy': 0,
 'queue_occupancy_id': 0,
 'switch_id': 3}
{'egress_port_tx_util': 0,
 'egress_timestamp': 1710969844694819000,
 'hop_latency': 113,
 'ingress_timestamp': 1710969844694706000,
 'l1_egress_port_id': 4,
 'l1_ingress_port_id': 2,
 'l2_egress_port_id': 0,
 'l2_ingress_port_id': 0,
 'queue_occupancy': 0,
 'queue_occupancy_id': 0,
 'switch_id': 2}

src_ip: 10.10.7.2, dst_ip: 10.10.4.2, src_port: 33260, dst_port: 30008, protocol: 6
sw: 2, seq: 10, int version: 1, ins_map: 0xff, hops: 2
{'egress_port_tx_util': 0,
 'egress_timestamp': 1710969844695939000,
 'hop_latency': 902857603,
 'ingress_timestamp': 0,
 'l1_egress_port_id': 1,
 'l1_ingress_port_id': 0,
 'l2_egress_port_id': 0,
 'l2_ingress_port_id': 0,
 'queue_occupancy': 0,
 'queue_occupancy_id': 0,
 'switch_id': 2}
{'egress_port_tx_util': 0,
 'egress_timestamp': 1710969844695665000,
 'hop_latency': 217,
 'ingress_timestamp': 1710969844695448000,
 'l1_egress_port_id': 1,
 'l1_ingress_port_id': 2,
 'l2_egress_port_id': 0,
 'l2_ingress_port_id': 0,
 'queue_occupancy': 0,
 'queue_occupancy_id': 0,
 'switch_id': 3}

src_ip: 10.10.7.2, dst_ip: 10.10.4.2, src_port: 33260, dst_port: 30008, protocol: 6
sw: 2, seq: 11, int version: 1, ins_map: 0xff, hops: 2
{'egress_port_tx_util': 0,
 'egress_timestamp': 1710969844696176000,
 'hop_latency': 902857840,
 'ingress_timestamp': 0,
 'l1_egress_port_id': 1,
 'l1_ingress_port_id': 0,
 'l2_egress_port_id': 0,
 'l2_ingress_port_id': 0,
 'queue_occupancy': 0,
 'queue_occupancy_id': 0,
 'switch_id': 2}
{'egress_port_tx_util': 0,
 'egress_timestamp': 1710969844695797000,
 'hop_latency': 274,
 'ingress_timestamp': 1710969844695523000,
 'l1_egress_port_id': 1,
 'l1_ingress_port_id': 2,
 'l2_egress_port_id': 0,
 'l2_ingress_port_id': 0,
 'queue_occupancy': 0,
 'queue_occupancy_id': 0,
 'switch_id': 3}

src_ip: 10.10.7.2, dst_ip: 10.10.4.2, src_port: 33260, dst_port: 30008, protocol: 6
sw: 2, seq: 12, int version: 1, ins_map: 0xff, hops: 2
{'egress_port_tx_util': 0,
 'egress_timestamp': 1710969844696360000,
 'hop_latency': 902858024,
 'ingress_timestamp': 0,
 'l1_egress_port_id': 1,
 'l1_ingress_port_id': 0,
 'l2_egress_port_id': 0,
 'l2_ingress_port_id': 0,
 'queue_occupancy': 0,
 'queue_occupancy_id': 0,
 'switch_id': 2}
{'egress_port_tx_util': 0,
 'egress_timestamp': 1710969844695905000,
 'hop_latency': 350,
 'ingress_timestamp': 1710969844695555000,
 'l1_egress_port_id': 1,
 'l1_ingress_port_id': 2,
 'l2_egress_port_id': 0,
 'l2_ingress_port_id': 0,
 'queue_occupancy': 0,
 'queue_occupancy_id': 0,
 'switch_id': 3}

src_ip: 192.168.0.3, dst_ip: 10.244.1.2, src_port: 48022, dst_port: 8959, protocol: 6
sw: 0, seq: 6, int version: 1, ins_map: 0xff, hops: 3
{'egress_port_tx_util': 0,
 'egress_timestamp': 1710969844697610000,
 'hop_latency': 902859274,
 'ingress_timestamp': 0,
 'l1_egress_port_id': 1,
 'l1_ingress_port_id': 0,
 'l2_egress_port_id': 0,
 'l2_ingress_port_id': 0,
 'queue_occupancy': 0,
 'queue_occupancy_id': 0,
 'switch_id': 0}
{'egress_port_tx_util': 0,
 'egress_timestamp': 1710969844696827000,
 'hop_latency': 116,
 'ingress_timestamp': 1710969844696711000,
 'l1_egress_port_id': 1,
 'l1_ingress_port_id': 2,
 'l2_egress_port_id': 0,
 'l2_ingress_port_id': 0,
 'queue_occupancy': 0,
 'queue_occupancy_id': 0,
 'switch_id': 1}
{'egress_port_tx_util': 0,
 'egress_timestamp': 1710969844696575000,
 'hop_latency': 385,
 'ingress_timestamp': 1710969844696190000,
 'l1_egress_port_id': 1,
 'l1_ingress_port_id': 2,
 'l2_egress_port_id': 0,
 'l2_ingress_port_id': 0,
 'queue_occupancy': 0,
 'queue_occupancy_id': 0,
 'switch_id': 2}

src_ip: 192.168.0.3, dst_ip: 10.244.1.2, src_port: 48022, dst_port: 8959, protocol: 6
sw: 0, seq: 7, int version: 1, ins_map: 0xff, hops: 3
{'egress_port_tx_util': 0,
 'egress_timestamp': 1710969844697981000,
 'hop_latency': 902859645,
 'ingress_timestamp': 0,
 'l1_egress_port_id': 1,
 'l1_ingress_port_id': 0,
 'l2_egress_port_id': 0,
 'l2_ingress_port_id': 0,
 'queue_occupancy': 0,
 'queue_occupancy_id': 0,
 'switch_id': 0}
{'egress_port_tx_util': 0,
 'egress_timestamp': 1710969844697140000,
 'hop_latency': 298,
 'ingress_timestamp': 1710969844696842000,
 'l1_egress_port_id': 1,
 'l1_ingress_port_id': 2,
 'l2_egress_port_id': 0,
 'l2_ingress_port_id': 0,
 'queue_occupancy': 0,
 'queue_occupancy_id': 0,
 'switch_id': 1}
{'egress_port_tx_util': 0,
 'egress_timestamp': 1710969844696690000,
 'hop_latency': 307,
 'ingress_timestamp': 1710969844696383000,
 'l1_egress_port_id': 1,
 'l1_ingress_port_id': 2,
 'l2_egress_port_id': 0,
 'l2_ingress_port_id': 0,
 'queue_occupancy': 0,
 'queue_occupancy_id': 0,
 'switch_id': 2}

src_ip: 192.168.0.3, dst_ip: 10.244.1.2, src_port: 48022, dst_port: 8959, protocol: 6
sw: 0, seq: 8, int version: 1, ins_map: 0xff, hops: 3
{'egress_port_tx_util': 0,
 'egress_timestamp': 1710969844698195000,
 'hop_latency': 902859859,
 'ingress_timestamp': 0,
 'l1_egress_port_id': 1,
 'l1_ingress_port_id': 0,
 'l2_egress_port_id': 0,
 'l2_ingress_port_id': 0,
 'queue_occupancy': 0,
 'queue_occupancy_id': 0,
 'switch_id': 0}
{'egress_port_tx_util': 0,
 'egress_timestamp': 1710969844697655000,
 'hop_latency': 670,
 'ingress_timestamp': 1710969844696985000,
 'l1_egress_port_id': 1,
 'l1_ingress_port_id': 2,
 'l2_egress_port_id': 0,
 'l2_ingress_port_id': 0,
 'queue_occupancy': 1,
 'queue_occupancy_id': 0,
 'switch_id': 1}
{'egress_port_tx_util': 0,
 'egress_timestamp': 1710969844696822000,
 'hop_latency': 225,
 'ingress_timestamp': 1710969844696597000,
 'l1_egress_port_id': 1,
 'l1_ingress_port_id': 2,
 'l2_egress_port_id': 0,
 'l2_ingress_port_id': 0,
 'queue_occupancy': 0,
 'queue_occupancy_id': 0,
 'switch_id': 2}

src_ip: 10.244.1.2, dst_ip: 192.168.0.3, src_port: 8959, dst_port: 48022, protocol: 6
sw: 2, seq: 13, int version: 1, ins_map: 0xff, hops: 3
{'egress_port_tx_util': 0,
 'egress_timestamp': 1710969844700021000,
 'hop_latency': 902861685,
 'ingress_timestamp': 0,
 'l1_egress_port_id': 1,
 'l1_ingress_port_id': 0,
 'l2_egress_port_id': 0,
 'l2_ingress_port_id': 0,
 'queue_occupancy': 0,
 'queue_occupancy_id': 0,
 'switch_id': 2}
{'egress_port_tx_util': 0,
 'egress_timestamp': 1710969844699032000,
 'hop_latency': 183,
 'ingress_timestamp': 1710969844698849000,
 'l1_egress_port_id': 2,
 'l1_ingress_port_id': 1,
 'l2_egress_port_id': 0,
 'l2_ingress_port_id': 0,
 'queue_occupancy': 0,
 'queue_occupancy_id': 0,
 'switch_id': 1}
{'egress_port_tx_util': 0,
 'egress_timestamp': 1710969844698596000,
 'hop_latency': 331,
 'ingress_timestamp': 1710969844698265000,
 'l1_egress_port_id': 1,
 'l1_ingress_port_id': 2,
 'l2_egress_port_id': 0,
 'l2_ingress_port_id': 0,
 'queue_occupancy': 0,
 'queue_occupancy_id': 0,
 'switch_id': 0}

src_ip: 10.244.1.2, dst_ip: 192.168.0.3, src_port: 8959, dst_port: 48022, protocol: 6
sw: 2, seq: 14, int version: 1, ins_map: 0xff, hops: 3
{'egress_port_tx_util': 0,
 'egress_timestamp': 1710969844700266000,
 'hop_latency': 902861930,
 'ingress_timestamp': 0,
 'l1_egress_port_id': 1,
 'l1_ingress_port_id': 0,
 'l2_egress_port_id': 0,
 'l2_ingress_port_id': 0,
 'queue_occupancy': 0,
 'queue_occupancy_id': 0,
 'switch_id': 2}
{'egress_port_tx_util': 0,
 'egress_timestamp': 1710969844699594000,
 'hop_latency': 568,
 'ingress_timestamp': 1710969844699026000,
 'l1_egress_port_id': 2,
 'l1_ingress_port_id': 1,
 'l2_egress_port_id': 0,
 'l2_ingress_port_id': 0,
 'queue_occupancy': 0,
 'queue_occupancy_id': 0,
 'switch_id': 1}
{'egress_port_tx_util': 0,
 'egress_timestamp': 1710969844698809000,
 'hop_latency': 309,
 'ingress_timestamp': 1710969844698500000,
 'l1_egress_port_id': 1,
 'l1_ingress_port_id': 2,
 'l2_egress_port_id': 0,
 'l2_ingress_port_id': 0,
 'queue_occupancy': 0,
 'queue_occupancy_id': 0,
 'switch_id': 0}

src_ip: 10.10.4.2, dst_ip: 10.10.7.2, src_port: 30008, dst_port: 33260, protocol: 6
sw: 3, seq: 4, int version: 1, ins_map: 0xff, hops: 2
{'egress_port_tx_util': 0,
 'egress_timestamp': 1710969844700844000,
 'hop_latency': 902862508,
 'ingress_timestamp': 0,
 'l1_egress_port_id': 1,
 'l1_ingress_port_id': 0,
 'l2_egress_port_id': 0,
 'l2_ingress_port_id': 0,
 'queue_occupancy': 0,
 'queue_occupancy_id': 0,
 'switch_id': 3}
{'egress_port_tx_util': 0,
 'egress_timestamp': 1710969844700384000,
 'hop_latency': 175,
 'ingress_timestamp': 1710969844700209000,
 'l1_egress_port_id': 4,
 'l1_ingress_port_id': 2,
 'l2_egress_port_id': 0,
 'l2_ingress_port_id': 0,
 'queue_occupancy': 0,
 'queue_occupancy_id': 0,
 'switch_id': 2}

src_ip: 10.10.4.2, dst_ip: 10.10.7.2, src_port: 30008, dst_port: 33260, protocol: 6
sw: 3, seq: 5, int version: 1, ins_map: 0xff, hops: 2
{'egress_port_tx_util': 0,
 'egress_timestamp': 1710969844701106000,
 'hop_latency': 902862770,
 'ingress_timestamp': 0,
 'l1_egress_port_id': 1,
 'l1_ingress_port_id': 0,
 'l2_egress_port_id': 0,
 'l2_ingress_port_id': 0,
 'queue_occupancy': 0,
 'queue_occupancy_id': 0,
 'switch_id': 3}
{'egress_port_tx_util': 0,
 'egress_timestamp': 1710969844700602000,
 'hop_latency': 209,
 'ingress_timestamp': 1710969844700393000,
 'l1_egress_port_id': 4,
 'l1_ingress_port_id': 2,
 'l2_egress_port_id': 0,
 'l2_ingress_port_id': 0,
 'queue_occupancy': 0,
 'queue_occupancy_id': 0,
 'switch_id': 2}

src_ip: 10.10.7.2, dst_ip: 10.10.4.2, src_port: 33260, dst_port: 30008, protocol: 6
sw: 2, seq: 15, int version: 1, ins_map: 0xff, hops: 2
{'egress_port_tx_util': 0,
 'egress_timestamp': 1710969844701820000,
 'hop_latency': 902863484,
 'ingress_timestamp': 0,
 'l1_egress_port_id': 1,
 'l1_ingress_port_id': 0,
 'l2_egress_port_id': 0,
 'l2_ingress_port_id': 0,
 'queue_occupancy': 0,
 'queue_occupancy_id': 0,
 'switch_id': 2}
{'egress_port_tx_util': 0,
 'egress_timestamp': 1710969844701442000,
 'hop_latency': 174,
 'ingress_timestamp': 1710969844701268000,
 'l1_egress_port_id': 1,
 'l1_ingress_port_id': 2,
 'l2_egress_port_id': 0,
 'l2_ingress_port_id': 0,
 'queue_occupancy': 0,
 'queue_occupancy_id': 0,
 'switch_id': 3}

src_ip: 192.168.0.3, dst_ip: 10.244.1.2, src_port: 48022, dst_port: 8959, protocol: 6
sw: 0, seq: 9, int version: 1, ins_map: 0xff, hops: 3
{'egress_port_tx_util': 0,
 'egress_timestamp': 1710969844702831000,
 'hop_latency': 902864495,
 'ingress_timestamp': 0,
 'l1_egress_port_id': 1,
 'l1_ingress_port_id': 0,
 'l2_egress_port_id': 0,
 'l2_ingress_port_id': 0,
 'queue_occupancy': 0,
 'queue_occupancy_id': 0,
 'switch_id': 0}
{'egress_port_tx_util': 0,
 'egress_timestamp': 1710969844702383000,
 'hop_latency': 96,
 'ingress_timestamp': 1710969844702287000,
 'l1_egress_port_id': 1,
 'l1_ingress_port_id': 2,
 'l2_egress_port_id': 0,
 'l2_ingress_port_id': 0,
 'queue_occupancy': 0,
 'queue_occupancy_id': 0,
 'switch_id': 1}
{'egress_port_tx_util': 0,
 'egress_timestamp': 1710969844702171000,
 'hop_latency': 193,
 'ingress_timestamp': 1710969844701978000,
 'l1_egress_port_id': 1,
 'l1_ingress_port_id': 2,
 'l2_egress_port_id': 0,
 'l2_ingress_port_id': 0,
 'queue_occupancy': 0,
 'queue_occupancy_id': 0,
 'switch_id': 2}

